<?xml version="1.0" encoding="UTF-8"?>
<!-- Generated by org.testng.reporters.JUnitXMLReporter -->
<testsuite hostname="Shikhar-HP" ignored="0" name="Default test" tests="4" failures="0" timestamp="01 Nov 2018 21:42:35 GMT" time="0.141" errors="0">
  <testcase name="Div" time="0.04" classname="com.qa.tests.DemoTest"/>
  <testcase name="Multi" time="0.01" classname="com.qa.tests.DemoTest"/>
  <testcase name="Sub" time="0.0" classname="com.qa.tests.DemoTest"/>
  <testcase name="Sum" time="0.01" classname="com.qa.tests.DemoTest"/>
</testsuite> <!-- Default test -->
