<?xml version="1.0" encoding="UTF-8"?>
<!-- Generated by org.testng.reporters.JUnitXMLReporter -->
<testsuite ignored="0" hostname="Shikhar-HP" failures="0" tests="4" name="Command line test" time="0.045" errors="0" timestamp="30 Oct 2018 21:24:33 GMT">
  <testcase classname="com.qa.tests.DemoTest" name="Div" time="0.013"/>
  <testcase classname="com.qa.tests.DemoTest" name="Multi" time="0.001"/>
  <testcase classname="com.qa.tests.DemoTest" name="Sub" time="0.0"/>
  <testcase classname="com.qa.tests.DemoTest" name="Sum" time="0.0"/>
</testsuite> <!-- Command line test -->
