<?xml version="1.0" encoding="UTF-8"?>
<testng-results ignored="0" total="4" passed="4" failed="0" skipped="0">
  <reporter-output>
  </reporter-output>
  <suite started-at="2018-10-30T21:24:32Z" name="com.qa.tests.DemoTest" finished-at="2018-10-30T21:24:32Z" duration-ms="45">
    <groups>
    </groups>
    <test started-at="2018-10-30T21:24:32Z" name="Command line test" finished-at="2018-10-30T21:24:32Z" duration-ms="45">
      <class name="com.qa.tests.DemoTest">
        <test-method signature="Div()[pri:0, instance:com.qa.tests.DemoTest@bef2d72]" started-at="2018-10-31T02:54:32Z" name="Div" finished-at="2018-10-31T02:54:32Z" duration-ms="13" status="PASS">
          <reporter-output>
          </reporter-output>
        </test-method> <!-- Div -->
        <test-method signature="Multi()[pri:0, instance:com.qa.tests.DemoTest@bef2d72]" started-at="2018-10-31T02:54:32Z" name="Multi" finished-at="2018-10-31T02:54:32Z" duration-ms="1" status="PASS">
          <reporter-output>
          </reporter-output>
        </test-method> <!-- Multi -->
        <test-method signature="Sub()[pri:0, instance:com.qa.tests.DemoTest@bef2d72]" started-at="2018-10-31T02:54:32Z" name="Sub" finished-at="2018-10-31T02:54:32Z" duration-ms="0" status="PASS">
          <reporter-output>
          </reporter-output>
        </test-method> <!-- Sub -->
        <test-method signature="Sum()[pri:0, instance:com.qa.tests.DemoTest@bef2d72]" started-at="2018-10-31T02:54:32Z" name="Sum" finished-at="2018-10-31T02:54:32Z" duration-ms="0" status="PASS">
          <reporter-output>
          </reporter-output>
        </test-method> <!-- Sum -->
      </class> <!-- com.qa.tests.DemoTest -->
    </test> <!-- Command line test -->
  </suite> <!-- com.qa.tests.DemoTest -->
</testng-results>
