<?xml version="1.0" encoding="UTF-8"?>
<testng-results skipped="0" failed="0" ignored="0" total="4" passed="4">
  <reporter-output>
  </reporter-output>
  <suite name="Default suite" duration-ms="141" started-at="2018-11-01T21:42:35Z" finished-at="2018-11-01T21:42:35Z">
    <groups>
    </groups>
    <test name="Default test" duration-ms="141" started-at="2018-11-01T21:42:35Z" finished-at="2018-11-01T21:42:35Z">
      <class name="com.qa.tests.DemoTest">
        <test-method status="PASS" signature="Div()[pri:0, instance:com.qa.tests.DemoTest@36d4b5c]" name="Div" duration-ms="40" started-at="2018-11-02T03:12:35Z" finished-at="2018-11-02T03:12:35Z">
          <reporter-output>
          </reporter-output>
        </test-method> <!-- Div -->
        <test-method status="PASS" signature="Multi()[pri:0, instance:com.qa.tests.DemoTest@36d4b5c]" name="Multi" duration-ms="10" started-at="2018-11-02T03:12:35Z" finished-at="2018-11-02T03:12:35Z">
          <reporter-output>
          </reporter-output>
        </test-method> <!-- Multi -->
        <test-method status="PASS" signature="Sub()[pri:0, instance:com.qa.tests.DemoTest@36d4b5c]" name="Sub" duration-ms="0" started-at="2018-11-02T03:12:35Z" finished-at="2018-11-02T03:12:35Z">
          <reporter-output>
          </reporter-output>
        </test-method> <!-- Sub -->
        <test-method status="PASS" signature="Sum()[pri:0, instance:com.qa.tests.DemoTest@36d4b5c]" name="Sum" duration-ms="10" started-at="2018-11-02T03:12:35Z" finished-at="2018-11-02T03:12:35Z">
          <reporter-output>
          </reporter-output>
        </test-method> <!-- Sum -->
      </class> <!-- com.qa.tests.DemoTest -->
    </test> <!-- Default test -->
  </suite> <!-- Default suite -->
</testng-results>
